2018-11-19 21:41:28,370 - Log4JLogChute initialized using file 'velocity.log'
2018-11-19 21:41:28,371 - Initializing Velocity, Calling init()...
2018-11-19 21:41:28,371 - Starting Apache Velocity v1.7 (compiled: 2010-11-19 12:14:37)
2018-11-19 21:41:28,371 - Default Properties File: org/apache/velocity/runtime/defaults/velocity.properties
2018-11-19 21:41:28,371 - Trying to use logger class org.apache.velocity.runtime.log.AvalonLogChute
2018-11-19 21:41:28,371 - Target log system for org.apache.velocity.runtime.log.AvalonLogChute is not available (java.lang.NoClassDefFoundError: org/apache/log/format/Formatter).  Falling back to next log system...
2018-11-19 21:41:28,371 - Trying to use logger class org.apache.velocity.runtime.log.Log4JLogChute
2018-11-19 21:41:28,371 - Using logger class org.apache.velocity.runtime.log.Log4JLogChute
2018-11-19 21:41:28,374 - ResourceLoader instantiated: org.apache.velocity.runtime.resource.loader.ClasspathResourceLoader
2018-11-19 21:41:28,389 - ResourceCache: initialized (class org.apache.velocity.runtime.resource.ResourceCacheImpl) with class java.util.Collections$SynchronizedMap cache map.
2018-11-19 21:41:28,390 - Loaded System Directive: org.apache.velocity.runtime.directive.Stop
2018-11-19 21:41:28,391 - Loaded System Directive: org.apache.velocity.runtime.directive.Define
2018-11-19 21:41:28,392 - Loaded System Directive: org.apache.velocity.runtime.directive.Break
2018-11-19 21:41:28,392 - Loaded System Directive: org.apache.velocity.runtime.directive.Evaluate
2018-11-19 21:41:28,393 - Loaded System Directive: org.apache.velocity.runtime.directive.Literal
2018-11-19 21:41:28,394 - Loaded System Directive: org.apache.velocity.runtime.directive.Macro
2018-11-19 21:41:28,394 - Loaded System Directive: org.apache.velocity.runtime.directive.Parse
2018-11-19 21:41:28,395 - Loaded System Directive: org.apache.velocity.runtime.directive.Include
2018-11-19 21:41:28,396 - Loaded System Directive: org.apache.velocity.runtime.directive.Foreach
2018-11-19 21:41:28,436 - Created '20' parsers.
2018-11-19 21:41:28,441 - Velocimacro : "velocimacro.library" is not set.  Trying default library: VM_global_library.vm
2018-11-19 21:41:28,442 - Could not load resource 'VM_global_library.vm' from ResourceLoader org.apache.velocity.runtime.resource.loader.ClasspathResourceLoader: ClasspathResourceLoader Error: cannot find resource VM_global_library.vm
2018-11-19 21:41:28,442 - Velocimacro : Default library not found.
2018-11-19 21:41:28,442 - Velocimacro : allowInline = true : VMs can be defined inline in templates
2018-11-19 21:41:28,442 - Velocimacro : allowInlineToOverride = false : VMs defined inline may NOT replace previous VM definitions
2018-11-19 21:41:28,442 - Velocimacro : allowInlineLocal = false : VMs defined inline will be global in scope if allowed.
2018-11-19 21:41:28,442 - Velocimacro : autoload off : VM system will not automatically reload global library macros
2018-11-19 21:41:28,455 - ResourceManager : found hello.vm with loader org.apache.velocity.runtime.resource.loader.ClasspathResourceLoader
